<?xml version="1.0" encoding="UTF-8"?>
<robot generator="Robot 3.1.2 (Python 3.6.8 on linux)" generated="20210701 03:05:02.287" rpa="false">
<suite id="s1" name="Test Suites" source="/home/robot/test_suites">
<suite id="s1-s1" name="Robot Framework" source="/home/robot/test_suites/robot_framework.robot">
<test id="s1-s1-t1" name="Foo Test Case">
<kw name="Log" library="BuiltIn">
<doc>Logs the given message with the given level.</doc>
<arguments>
<arg>%{USERNAME}</arg>
</arguments>
<msg timestamp="20210701 03:05:02.352" level="FAIL">Environment variable '%{USERNAME}' not found. Did you mean:
    %{UNAME}</msg>
<status status="FAIL" starttime="20210701 03:05:02.351" endtime="20210701 03:05:02.352"></status>
</kw>
<doc>Created by Patrick Vermillion</doc>
<tags>
<tag>RobotTestCase</tag>
<tag>RobotWebPage</tag>
</tags>
<status status="FAIL" starttime="20210701 03:05:02.350" endtime="20210701 03:05:02.353" critical="yes">Environment variable '%{USERNAME}' not found. Did you mean:
    %{UNAME}</status>
</test>
<status status="FAIL" starttime="20210701 03:05:02.345" endtime="20210701 03:05:02.353"></status>
</suite>
<suite id="s1-s2" name="Virtual Display" source="/home/robot/test_suites/virtual_display.robot">
<test id="s1-s2-t1" name="Open Google">
<kw name="Start Virtual Display">
<arguments>
<arg>1920</arg>
<arg>1080</arg>
</arguments>
<msg timestamp="20210701 03:05:02.912" level="FAIL">No keyword with name 'Start Virtual Display' found.</msg>
<status status="FAIL" starttime="20210701 03:05:02.912" endtime="20210701 03:05:02.913"></status>
</kw>
<status status="FAIL" starttime="20210701 03:05:02.906" endtime="20210701 03:05:02.913" critical="yes">No keyword with name 'Start Virtual Display' found.</status>
</test>
<status status="FAIL" starttime="20210701 03:05:02.354" endtime="20210701 03:05:02.914"></status>
</suite>
<status status="FAIL" starttime="20210701 03:05:02.298" endtime="20210701 03:05:02.915"></status>
</suite>
<statistics>
<total>
<stat pass="0" fail="2">Critical Tests</stat>
<stat pass="0" fail="2">All Tests</stat>
</total>
<tag>
<stat pass="0" fail="1">RobotTestCase</stat>
<stat pass="0" fail="1">RobotWebPage</stat>
</tag>
<suite>
<stat pass="0" fail="2" id="s1" name="Test Suites">Test Suites</stat>
<stat pass="0" fail="1" id="s1-s1" name="Robot Framework">Test Suites.Robot Framework</stat>
<stat pass="0" fail="1" id="s1-s2" name="Virtual Display">Test Suites.Virtual Display</stat>
</suite>
</statistics>
<errors>
<msg timestamp="20210701 03:05:02.293" level="ERROR">Processing variable file '/home/robot/env/dev.yaml' failed: YAML variable file must be a mapping, got None.</msg>
<msg timestamp="20210701 03:05:02.836" level="ERROR">Adding keyword 'add_cookie' to library 'Selenium2Library' failed: Calling dynamic method 'get_keyword_arguments' failed: Return value must be list of strings.</msg>
<msg timestamp="20210701 03:05:02.837" level="ERROR">Adding keyword 'add_location_strategy' to library 'Selenium2Library' failed: Calling dynamic method 'get_keyword_arguments' failed: Return value must be list of strings.</msg>
<msg timestamp="20210701 03:05:02.838" level="ERROR">Adding keyword 'alert_should_be_present' to library 'Selenium2Library' failed: Calling dynamic method 'get_keyword_arguments' failed: Return value must be list of strings.</msg>
<msg timestamp="20210701 03:05:02.839" level="ERROR">Adding keyword 'alert_should_not_be_present' to library 'Selenium2Library' failed: Calling dynamic method 'get_keyword_arguments' failed: Return value must be list of strings.</msg>
<msg timestamp="20210701 03:05:02.840" level="ERROR">Adding keyword 'capture_element_screenshot' to library 'Selenium2Library' failed: Calling dynamic method 'get_keyword_arguments' failed: Return value must be list of strings.</msg>
<msg timestamp="20210701 03:05:02.840" level="ERROR">Adding keyword 'capture_page_screenshot' to library 'Selenium2Library' failed: Calling dynamic method 'get_keyword_arguments' failed: Return value must be list of strings.</msg>
<msg timestamp="20210701 03:05:02.843" level="ERROR">Adding keyword 'click_button' to library 'Selenium2Library' failed: Calling dynamic method 'get_keyword_arguments' failed: Return value must be list of strings.</msg>
<msg timestamp="20210701 03:05:02.844" level="ERROR">Adding keyword 'click_element' to library 'Selenium2Library' failed: Calling dynamic method 'get_keyword_arguments' failed: Return value must be list of strings.</msg>
<msg timestamp="20210701 03:05:02.846" level="ERROR">Adding keyword 'click_image' to library 'Selenium2Library' failed: Calling dynamic method 'get_keyword_arguments' failed: Return value must be list of strings.</msg>
<msg timestamp="20210701 03:05:02.846" level="ERROR">Adding keyword 'click_link' to library 'Selenium2Library' failed: Calling dynamic method 'get_keyword_arguments' failed: Return value must be list of strings.</msg>
<msg timestamp="20210701 03:05:02.848" level="ERROR">Adding keyword 'create_webdriver' to library 'Selenium2Library' failed: Calling dynamic method 'get_keyword_arguments' failed: Return value must be list of strings.</msg>
<msg timestamp="20210701 03:05:02.849" level="ERROR">Adding keyword 'current_frame_should_contain' to library 'Selenium2Library' failed: Calling dynamic method 'get_keyword_arguments' failed: Return value must be list of strings.</msg>
<msg timestamp="20210701 03:05:02.849" level="ERROR">Adding keyword 'current_frame_should_not_contain' to library 'Selenium2Library' failed: Calling dynamic method 'get_keyword_arguments' failed: Return value must be list of strings.</msg>
<msg timestamp="20210701 03:05:02.851" level="ERROR">Adding keyword 'element_attribute_value_should_be' to library 'Selenium2Library' failed: Calling dynamic method 'get_keyword_arguments' failed: Return value must be list of strings.</msg>
<msg timestamp="20210701 03:05:02.852" level="ERROR">Adding keyword 'element_should_be_visible' to library 'Selenium2Library' failed: Calling dynamic method 'get_keyword_arguments' failed: Return value must be list of strings.</msg>
<msg timestamp="20210701 03:05:02.853" level="ERROR">Adding keyword 'element_should_contain' to library 'Selenium2Library' failed: Calling dynamic method 'get_keyword_arguments' failed: Return value must be list of strings.</msg>
<msg timestamp="20210701 03:05:02.853" level="ERROR">Adding keyword 'element_should_not_be_visible' to library 'Selenium2Library' failed: Calling dynamic method 'get_keyword_arguments' failed: Return value must be list of strings.</msg>
<msg timestamp="20210701 03:05:02.853" level="ERROR">Adding keyword 'element_should_not_contain' to library 'Selenium2Library' failed: Calling dynamic method 'get_keyword_arguments' failed: Return value must be list of strings.</msg>
<msg timestamp="20210701 03:05:02.854" level="ERROR">Adding keyword 'element_text_should_be' to library 'Selenium2Library' failed: Calling dynamic method 'get_keyword_arguments' failed: Return value must be list of strings.</msg>
<msg timestamp="20210701 03:05:02.854" level="ERROR">Adding keyword 'element_text_should_not_be' to library 'Selenium2Library' failed: Calling dynamic method 'get_keyword_arguments' failed: Return value must be list of strings.</msg>
<msg timestamp="20210701 03:05:02.855" level="ERROR">Adding keyword 'frame_should_contain' to library 'Selenium2Library' failed: Calling dynamic method 'get_keyword_arguments' failed: Return value must be list of strings.</msg>
<msg timestamp="20210701 03:05:02.857" level="ERROR">Adding keyword 'get_cookies' to library 'Selenium2Library' failed: Calling dynamic method 'get_keyword_arguments' failed: Return value must be list of strings.</msg>
<msg timestamp="20210701 03:05:02.859" level="ERROR">Adding keyword 'get_list_items' to library 'Selenium2Library' failed: Calling dynamic method 'get_keyword_arguments' failed: Return value must be list of strings.</msg>
<msg timestamp="20210701 03:05:02.860" level="ERROR">Adding keyword 'get_locations' to library 'Selenium2Library' failed: Calling dynamic method 'get_keyword_arguments' failed: Return value must be list of strings.</msg>
<msg timestamp="20210701 03:05:02.863" level="ERROR">Adding keyword 'get_table_cell' to library 'Selenium2Library' failed: Calling dynamic method 'get_keyword_arguments' failed: Return value must be list of strings.</msg>
<msg timestamp="20210701 03:05:02.864" level="ERROR">Adding keyword 'get_window_handles' to library 'Selenium2Library' failed: Calling dynamic method 'get_keyword_arguments' failed: Return value must be list of strings.</msg>
<msg timestamp="20210701 03:05:02.865" level="ERROR">Adding keyword 'get_window_identifiers' to library 'Selenium2Library' failed: Calling dynamic method 'get_keyword_arguments' failed: Return value must be list of strings.</msg>
<msg timestamp="20210701 03:05:02.865" level="ERROR">Adding keyword 'get_window_names' to library 'Selenium2Library' failed: Calling dynamic method 'get_keyword_arguments' failed: Return value must be list of strings.</msg>
<msg timestamp="20210701 03:05:02.866" level="ERROR">Adding keyword 'get_window_size' to library 'Selenium2Library' failed: Calling dynamic method 'get_keyword_arguments' failed: Return value must be list of strings.</msg>
<msg timestamp="20210701 03:05:02.866" level="ERROR">Adding keyword 'get_window_titles' to library 'Selenium2Library' failed: Calling dynamic method 'get_keyword_arguments' failed: Return value must be list of strings.</msg>
<msg timestamp="20210701 03:05:02.867" level="ERROR">Adding keyword 'handle_alert' to library 'Selenium2Library' failed: Calling dynamic method 'get_keyword_arguments' failed: Return value must be list of strings.</msg>
<msg timestamp="20210701 03:05:02.867" level="ERROR">Adding keyword 'input_password' to library 'Selenium2Library' failed: Calling dynamic method 'get_keyword_arguments' failed: Return value must be list of strings.</msg>
<msg timestamp="20210701 03:05:02.868" level="ERROR">Adding keyword 'input_text' to library 'Selenium2Library' failed: Calling dynamic method 'get_keyword_arguments' failed: Return value must be list of strings.</msg>
<msg timestamp="20210701 03:05:02.868" level="ERROR">Adding keyword 'input_text_into_alert' to library 'Selenium2Library' failed: Calling dynamic method 'get_keyword_arguments' failed: Return value must be list of strings.</msg>
<msg timestamp="20210701 03:05:02.869" level="ERROR">Adding keyword 'location_should_be' to library 'Selenium2Library' failed: Calling dynamic method 'get_keyword_arguments' failed: Return value must be list of strings.</msg>
<msg timestamp="20210701 03:05:02.869" level="ERROR">Adding keyword 'location_should_contain' to library 'Selenium2Library' failed: Calling dynamic method 'get_keyword_arguments' failed: Return value must be list of strings.</msg>
<msg timestamp="20210701 03:05:02.870" level="ERROR">Adding keyword 'log_source' to library 'Selenium2Library' failed: Calling dynamic method 'get_keyword_arguments' failed: Return value must be list of strings.</msg>
<msg timestamp="20210701 03:05:02.872" level="ERROR">Adding keyword 'open_browser' to library 'Selenium2Library' failed: Calling dynamic method 'get_keyword_arguments' failed: Return value must be list of strings.</msg>
<msg timestamp="20210701 03:05:02.873" level="ERROR">Adding keyword 'page_should_contain' to library 'Selenium2Library' failed: Calling dynamic method 'get_keyword_arguments' failed: Return value must be list of strings.</msg>
<msg timestamp="20210701 03:05:02.873" level="ERROR">Adding keyword 'page_should_contain_button' to library 'Selenium2Library' failed: Calling dynamic method 'get_keyword_arguments' failed: Return value must be list of strings.</msg>
<msg timestamp="20210701 03:05:02.874" level="ERROR">Adding keyword 'page_should_contain_checkbox' to library 'Selenium2Library' failed: Calling dynamic method 'get_keyword_arguments' failed: Return value must be list of strings.</msg>
<msg timestamp="20210701 03:05:02.874" level="ERROR">Adding keyword 'page_should_contain_element' to library 'Selenium2Library' failed: Calling dynamic method 'get_keyword_arguments' failed: Return value must be list of strings.</msg>
<msg timestamp="20210701 03:05:02.875" level="ERROR">Adding keyword 'page_should_contain_image' to library 'Selenium2Library' failed: Calling dynamic method 'get_keyword_arguments' failed: Return value must be list of strings.</msg>
<msg timestamp="20210701 03:05:02.875" level="ERROR">Adding keyword 'page_should_contain_link' to library 'Selenium2Library' failed: Calling dynamic method 'get_keyword_arguments' failed: Return value must be list of strings.</msg>
<msg timestamp="20210701 03:05:02.875" level="ERROR">Adding keyword 'page_should_contain_list' to library 'Selenium2Library' failed: Calling dynamic method 'get_keyword_arguments' failed: Return value must be list of strings.</msg>
<msg timestamp="20210701 03:05:02.876" level="ERROR">Adding keyword 'page_should_contain_radio_button' to library 'Selenium2Library' failed: Calling dynamic method 'get_keyword_arguments' failed: Return value must be list of strings.</msg>
<msg timestamp="20210701 03:05:02.876" level="ERROR">Adding keyword 'page_should_contain_textfield' to library 'Selenium2Library' failed: Calling dynamic method 'get_keyword_arguments' failed: Return value must be list of strings.</msg>
<msg timestamp="20210701 03:05:02.876" level="ERROR">Adding keyword 'page_should_not_contain' to library 'Selenium2Library' failed: Calling dynamic method 'get_keyword_arguments' failed: Return value must be list of strings.</msg>
<msg timestamp="20210701 03:05:02.876" level="ERROR">Adding keyword 'page_should_not_contain_button' to library 'Selenium2Library' failed: Calling dynamic method 'get_keyword_arguments' failed: Return value must be list of strings.</msg>
<msg timestamp="20210701 03:05:02.877" level="ERROR">Adding keyword 'page_should_not_contain_checkbox' to library 'Selenium2Library' failed: Calling dynamic method 'get_keyword_arguments' failed: Return value must be list of strings.</msg>
<msg timestamp="20210701 03:05:02.877" level="ERROR">Adding keyword 'page_should_not_contain_element' to library 'Selenium2Library' failed: Calling dynamic method 'get_keyword_arguments' failed: Return value must be list of strings.</msg>
<msg timestamp="20210701 03:05:02.877" level="ERROR">Adding keyword 'page_should_not_contain_image' to library 'Selenium2Library' failed: Calling dynamic method 'get_keyword_arguments' failed: Return value must be list of strings.</msg>
<msg timestamp="20210701 03:05:02.878" level="ERROR">Adding keyword 'page_should_not_contain_link' to library 'Selenium2Library' failed: Calling dynamic method 'get_keyword_arguments' failed: Return value must be list of strings.</msg>
<msg timestamp="20210701 03:05:02.878" level="ERROR">Adding keyword 'page_should_not_contain_list' to library 'Selenium2Library' failed: Calling dynamic method 'get_keyword_arguments' failed: Return value must be list of strings.</msg>
<msg timestamp="20210701 03:05:02.878" level="ERROR">Adding keyword 'page_should_not_contain_radio_button' to library 'Selenium2Library' failed: Calling dynamic method 'get_keyword_arguments' failed: Return value must be list of strings.</msg>
<msg timestamp="20210701 03:05:02.879" level="ERROR">Adding keyword 'page_should_not_contain_textfield' to library 'Selenium2Library' failed: Calling dynamic method 'get_keyword_arguments' failed: Return value must be list of strings.</msg>
<msg timestamp="20210701 03:05:02.879" level="ERROR">Adding keyword 'press_keys' to library 'Selenium2Library' failed: Calling dynamic method 'get_keyword_arguments' failed: Return value must be list of strings.</msg>
<msg timestamp="20210701 03:05:02.887" level="ERROR">Adding keyword 'set_window_size' to library 'Selenium2Library' failed: Calling dynamic method 'get_keyword_arguments' failed: Return value must be list of strings.</msg>
<msg timestamp="20210701 03:05:02.887" level="ERROR">Adding keyword 'submit_form' to library 'Selenium2Library' failed: Calling dynamic method 'get_keyword_arguments' failed: Return value must be list of strings.</msg>
<msg timestamp="20210701 03:05:02.888" level="ERROR">Adding keyword 'switch_window' to library 'Selenium2Library' failed: Calling dynamic method 'get_keyword_arguments' failed: Return value must be list of strings.</msg>
<msg timestamp="20210701 03:05:02.888" level="ERROR">Adding keyword 'table_cell_should_contain' to library 'Selenium2Library' failed: Calling dynamic method 'get_keyword_arguments' failed: Return value must be list of strings.</msg>
<msg timestamp="20210701 03:05:02.888" level="ERROR">Adding keyword 'table_column_should_contain' to library 'Selenium2Library' failed: Calling dynamic method 'get_keyword_arguments' failed: Return value must be list of strings.</msg>
<msg timestamp="20210701 03:05:02.888" level="ERROR">Adding keyword 'table_footer_should_contain' to library 'Selenium2Library' failed: Calling dynamic method 'get_keyword_arguments' failed: Return value must be list of strings.</msg>
<msg timestamp="20210701 03:05:02.889" level="ERROR">Adding keyword 'table_header_should_contain' to library 'Selenium2Library' failed: Calling dynamic method 'get_keyword_arguments' failed: Return value must be list of strings.</msg>
<msg timestamp="20210701 03:05:02.889" level="ERROR">Adding keyword 'table_row_should_contain' to library 'Selenium2Library' failed: Calling dynamic method 'get_keyword_arguments' failed: Return value must be list of strings.</msg>
<msg timestamp="20210701 03:05:02.890" level="ERROR">Adding keyword 'table_should_contain' to library 'Selenium2Library' failed: Calling dynamic method 'get_keyword_arguments' failed: Return value must be list of strings.</msg>
<msg timestamp="20210701 03:05:02.890" level="ERROR">Adding keyword 'textarea_should_contain' to library 'Selenium2Library' failed: Calling dynamic method 'get_keyword_arguments' failed: Return value must be list of strings.</msg>
<msg timestamp="20210701 03:05:02.891" level="ERROR">Adding keyword 'textarea_value_should_be' to library 'Selenium2Library' failed: Calling dynamic method 'get_keyword_arguments' failed: Return value must be list of strings.</msg>
<msg timestamp="20210701 03:05:02.891" level="ERROR">Adding keyword 'textfield_should_contain' to library 'Selenium2Library' failed: Calling dynamic method 'get_keyword_arguments' failed: Return value must be list of strings.</msg>
<msg timestamp="20210701 03:05:02.892" level="ERROR">Adding keyword 'textfield_value_should_be' to library 'Selenium2Library' failed: Calling dynamic method 'get_keyword_arguments' failed: Return value must be list of strings.</msg>
<msg timestamp="20210701 03:05:02.892" level="ERROR">Adding keyword 'title_should_be' to library 'Selenium2Library' failed: Calling dynamic method 'get_keyword_arguments' failed: Return value must be list of strings.</msg>
<msg timestamp="20210701 03:05:02.895" level="ERROR">Adding keyword 'wait_for_condition' to library 'Selenium2Library' failed: Calling dynamic method 'get_keyword_arguments' failed: Return value must be list of strings.</msg>
<msg timestamp="20210701 03:05:02.895" level="ERROR">Adding keyword 'wait_until_element_contains' to library 'Selenium2Library' failed: Calling dynamic method 'get_keyword_arguments' failed: Return value must be list of strings.</msg>
<msg timestamp="20210701 03:05:02.895" level="ERROR">Adding keyword 'wait_until_element_does_not_contain' to library 'Selenium2Library' failed: Calling dynamic method 'get_keyword_arguments' failed: Return value must be list of strings.</msg>
<msg timestamp="20210701 03:05:02.895" level="ERROR">Adding keyword 'wait_until_element_is_enabled' to library 'Selenium2Library' failed: Calling dynamic method 'get_keyword_arguments' failed: Return value must be list of strings.</msg>
<msg timestamp="20210701 03:05:02.896" level="ERROR">Adding keyword 'wait_until_element_is_not_visible' to library 'Selenium2Library' failed: Calling dynamic method 'get_keyword_arguments' failed: Return value must be list of strings.</msg>
<msg timestamp="20210701 03:05:02.896" level="ERROR">Adding keyword 'wait_until_element_is_visible' to library 'Selenium2Library' failed: Calling dynamic method 'get_keyword_arguments' failed: Return value must be list of strings.</msg>
<msg timestamp="20210701 03:05:02.897" level="ERROR">Adding keyword 'wait_until_location_contains' to library 'Selenium2Library' failed: Calling dynamic method 'get_keyword_arguments' failed: Return value must be list of strings.</msg>
<msg timestamp="20210701 03:05:02.897" level="ERROR">Adding keyword 'wait_until_location_does_not_contain' to library 'Selenium2Library' failed: Calling dynamic method 'get_keyword_arguments' failed: Return value must be list of strings.</msg>
<msg timestamp="20210701 03:05:02.897" level="ERROR">Adding keyword 'wait_until_location_is' to library 'Selenium2Library' failed: Calling dynamic method 'get_keyword_arguments' failed: Return value must be list of strings.</msg>
<msg timestamp="20210701 03:05:02.898" level="ERROR">Adding keyword 'wait_until_location_is_not' to library 'Selenium2Library' failed: Calling dynamic method 'get_keyword_arguments' failed: Return value must be list of strings.</msg>
<msg timestamp="20210701 03:05:02.898" level="ERROR">Adding keyword 'wait_until_page_contains' to library 'Selenium2Library' failed: Calling dynamic method 'get_keyword_arguments' failed: Return value must be list of strings.</msg>
<msg timestamp="20210701 03:05:02.898" level="ERROR">Adding keyword 'wait_until_page_contains_element' to library 'Selenium2Library' failed: Calling dynamic method 'get_keyword_arguments' failed: Return value must be list of strings.</msg>
<msg timestamp="20210701 03:05:02.898" level="ERROR">Adding keyword 'wait_until_page_does_not_contain' to library 'Selenium2Library' failed: Calling dynamic method 'get_keyword_arguments' failed: Return value must be list of strings.</msg>
<msg timestamp="20210701 03:05:02.899" level="ERROR">Adding keyword 'wait_until_page_does_not_contain_element' to library 'Selenium2Library' failed: Calling dynamic method 'get_keyword_arguments' failed: Return value must be list of strings.</msg>
<msg timestamp="20210701 03:05:02.901" level="ERROR">Error in file '/home/robot/test_suites/virtual_display.robot': Importing test library 'XvfbRobot' failed: ModuleNotFoundError: No module named 'XvfbRobot'
Traceback (most recent call last):
  None
PYTHONPATH:
  /home/robot/resources
  /usr/local/bin
  /usr/local/lib/python36.zip
  /usr/local/lib/python3.6
  /usr/local/lib/python3.6/lib-dynload
  /usr/local/lib/python3.6/site-packages</msg>
</errors>
</robot>
